# JRE version: Java(TM) SE Runtime Environment (8.0_131-b11) (build 1.8.0_131-b11)
# Java VM: Java HotSpot(TM) 64-Bit Server VM (25.131-b11 mixed mode linux-amd64 compressed oops)
Heap:
 garbage-first heap   total 262144K, used 32767K [0x00000000c0000000, 0x00000000c0100800, 0x0000000100000000)
  region size 1024K, 6 young (6144K), 6 survivors (6144K)
 Metaspace       used 34067K, capacity 36224K, committed 36352K, reserved 1081344K
  class space    used 3800K, capacity 4540K, committed 4608K, reserved 1048576K
GC Heap History (10 events):
Event: 34.733 GC heap after
Heap after GC invocations=31 (full 0):
 garbage-first heap   total 32768K, used 20992K [0x00000000c0000000, 0x00000000c0100100, 0x0000000100000000)
  region size 1024K, 1 young (1024K), 1 survivors (1024K)
 Metaspace       used 32054K, capacity 34134K, committed 34304K, reserved 1079296K
  class space    used 3592K, capacity 4257K, committed 4352K, reserved 1048576K
}
Event: 35.011 GC heap before
{Heap before GC invocations=31 (full 0):
 garbage-first heap   total 32768K, used 22016K [0x00000000c0000000, 0x00000000c0100100, 0x0000000100000000)
  region size 1024K, 2 young (2048K), 1 survivors (1024K)
 Metaspace       used 32319K, capacity 34364K, committed 34560K, reserved 1079296K
  class space    used 3613K, capacity 4291K, committed 4352K, reserved 1048576K
Event: 35.131 GC heap after
Heap after GC invocations=32 (full 0):
 garbage-first heap   total 32768K, used 18944K [0x00000000c0000000, 0x00000000c0100100, 0x0000000100000000)
  region size 1024K, 1 young (1024K), 1 survivors (1024K)
 Metaspace       used 32319K, capacity 34364K, committed 34560K, reserved 1079296K
  class space    used 3613K, capacity 4291K, committed 4352K, reserved 1048576K
}
Event: 35.710 GC heap before
{Heap before GC invocations=32 (full 0):
 garbage-first heap   total 32768K, used 19968K [0x00000000c0000000, 0x00000000c0100100, 0x0000000100000000)
  region size 1024K, 2 young (2048K), 1 survivors (1024K)
 Metaspace       used 32588K, capacity 34686K, committed 34944K, reserved 1079296K
  class space    used 3650K, capacity 4357K, committed 4480K, reserved 1048576K
Event: 35.787 GC heap after
Heap after GC invocations=33 (full 0):
 garbage-first heap   total 65536K, used 17149K [0x00000000c0000000, 0x00000000c0100200, 0x0000000100000000)
  region size 1024K, 1 young (1024K), 1 survivors (1024K)
 Metaspace       used 32588K, capacity 34686K, committed 34944K, reserved 1079296K
  class space    used 3650K, capacity 4357K, committed 4480K, reserved 1048576K
}
Event: 36.923 GC heap before
{Heap before GC invocations=33 (full 0):
 garbage-first heap   total 65536K, used 54013K [0x00000000c0000000, 0x00000000c0100200, 0x0000000100000000)
  region size 1024K, 37 young (37888K), 1 survivors (1024K)
 Metaspace       used 33428K, capacity 35620K, committed 35840K, reserved 1081344K
  class space    used 3743K, capacity 4498K, committed 4608K, reserved 1048576K
Event: 36.943 GC heap after
Heap after GC invocations=34 (full 0):
 garbage-first heap   total 131072K, used 22528K [0x00000000c0000000, 0x00000000c0100400, 0x0000000100000000)
  region size 1024K, 5 young (5120K), 5 survivors (5120K)
 Metaspace       used 33428K, capacity 35620K, committed 35840K, reserved 1081344K
  class space    used 3743K, capacity 4498K, committed 4608K, reserved 1048576K
}
Event: 37.618 GC heap before
{Heap before GC invocations=34 (full 0):
 garbage-first heap   total 131072K, used 64512K [0x00000000c0000000, 0x00000000c0100400, 0x0000000100000000)
  region size 1024K, 46 young (47104K), 5 survivors (5120K)
 Metaspace       used 33856K, capacity 36020K, committed 36352K, reserved 1081344K
  class space    used 3780K, capacity 4538K, committed 4608K, reserved 1048576K
Event: 37.664 GC heap after
Heap after GC invocations=35 (full 0):
 garbage-first heap   total 131072K, used 27135K [0x00000000c0000000, 0x00000000c0100400, 0x0000000100000000)
  region size 1024K, 6 young (6144K), 6 survivors (6144K)
 Metaspace       used 33856K, capacity 36020K, committed 36352K, reserved 1081344K
  class space    used 3780K, capacity 4538K, committed 4608K, reserved 1048576K
}
Event: 39.199 GC heap before
{Heap before GC invocations=35 (full 0):
 garbage-first heap   total 131072K, used 69119K [0x00000000c0000000, 0x00000000c0100400, 0x0000000100000000)
  region size 1024K, 47 young (48128K), 6 survivors (6144K)
 Metaspace       used 34067K, capacity 36224K, committed 36352K, reserved 1081344K
  class space    used 3800K, capacity 4540K, committed 4608K, reserved 1048576K

